<?xml version="1.0" encoding="UTF-8"?>
<!-- Generated by org.testng.reporters.JUnitReportReporter -->
<testsuite skipped="0" hostname="Billals-MacBook-Pro.local" name="homepageTest.SupportTest" tests="2" failures="0" timestamp="09 Oct 2019 02:07:27 GMT" time="33.766" errors="0">
  <testcase name="clickOnFeedBack" time="18.045" classname="homepageTest.SupportTest"/>
  <testcase name="clickOnCustomerService" time="15.721" classname="homepageTest.SupportTest"/>
</testsuite> <!-- homepageTest.SupportTest -->
